e:\study\udt4\win\x64\release\vc142.pdb
e:\study\udt4\win\x64\release\udtlibary.obj
e:\study\udt4\win\x64\release\window.obj
e:\study\udt4\win\x64\release\queue.obj
e:\study\udt4\win\x64\release\packet.obj
e:\study\udt4\win\x64\release\md5.obj
e:\study\udt4\win\x64\release\list.obj
e:\study\udt4\win\x64\release\epoll.obj
e:\study\udt4\win\x64\release\core.obj
e:\study\udt4\win\x64\release\common.obj
e:\study\udt4\win\x64\release\channel.obj
e:\study\udt4\win\x64\release\ccc.obj
e:\study\udt4\win\x64\release\cache.obj
e:\study\udt4\win\x64\release\buffer.obj
e:\study\udt4\win\x64\release\api.obj
e:\study\udt4\win\x64\release\udt.dll
e:\study\udt4\win\x64\release\udt.pdb
e:\study\udt4\win\x64\release\udt.lib
e:\study\udt4\win\x64\release\udt.exp
e:\study\udt4\win\x64\release\udt.tlog\cl.command.1.tlog
e:\study\udt4\win\x64\release\udt.tlog\cl.read.1.tlog
e:\study\udt4\win\x64\release\udt.tlog\cl.write.1.tlog
e:\study\udt4\win\x64\release\udt.tlog\link.command.1.tlog
e:\study\udt4\win\x64\release\udt.tlog\link.read.1.tlog
e:\study\udt4\win\x64\release\udt.tlog\link.write.1.tlog
e:\study\udt4\win\x64\release\udt.tlog\udt.write.1u.tlog
