e:\study\udt4\src\udt.bsc
e:\study\udt4\src\vc142.pdb
e:\study\udt4\src\vc142.idb
e:\study\udt4\src\udtlibary.sbr
e:\study\udt4\src\window.sbr
e:\study\udt4\src\queue.sbr
e:\study\udt4\src\packet.sbr
e:\study\udt4\src\md5.sbr
e:\study\udt4\src\list.sbr
e:\study\udt4\src\epoll.sbr
e:\study\udt4\src\core.sbr
e:\study\udt4\src\common.sbr
e:\study\udt4\src\channel.sbr
e:\study\udt4\src\ccc.sbr
e:\study\udt4\src\cache.sbr
e:\study\udt4\src\buffer.sbr
e:\study\udt4\src\api.sbr
e:\study\udt4\src\api.obj
e:\study\udt4\src\buffer.obj
e:\study\udt4\src\cache.obj
e:\study\udt4\src\ccc.obj
e:\study\udt4\src\channel.obj
e:\study\udt4\src\common.obj
e:\study\udt4\src\core.obj
e:\study\udt4\src\epoll.obj
e:\study\udt4\src\list.obj
e:\study\udt4\src\md5.obj
e:\study\udt4\src\packet.obj
e:\study\udt4\src\queue.obj
e:\study\udt4\src\window.obj
e:\study\udt4\src\udtlibary.obj
e:\study\udt4\src\udt.ilk
e:\study\udt4\src\udt.dll
e:\study\udt4\src\udt.pdb
e:\study\udt4\src\udt.lib
e:\study\udt4\src\udt.exp
e:\study\udt4\src\../src\udt.pdb
e:\study\udt4\src\../src\udt.bsc
e:\study\udt4\src\../src\udt.ilk
e:\study\udt4\src\udt.tlog\bscmake.command.1.tlog
e:\study\udt4\src\udt.tlog\bscmake.read.1.tlog
e:\study\udt4\src\udt.tlog\bscmake.write.1.tlog
e:\study\udt4\src\udt.tlog\cl.command.1.tlog
e:\study\udt4\src\udt.tlog\cl.read.1.tlog
e:\study\udt4\src\udt.tlog\cl.write.1.tlog
e:\study\udt4\src\udt.tlog\link.command.1.tlog
e:\study\udt4\src\udt.tlog\link.read.1.tlog
e:\study\udt4\src\udt.tlog\link.write.1.tlog
e:\study\udt4\src\udt.tlog\udt.write.1u.tlog
