cl : 命令行 warning D9035: “Gm”选项已否决，并将在将来的版本中移除
  UDTLibary.cpp
C:\Users\jinyu\Downloads\UDT\UDTLibary\udt.h(248,24): warning C4251: “CUDTException::m_strMsg”: class“std::basic_string<char,std::char_traits<char>,std::allocator<char>>”需要有 dll 接口由 class“CUDTException”的客户端使用
D:\Program Files (x86)\Microsoft Visual Studio\2019\Enterprise\VC\Tools\MSVC\14.28.29910\include\xstring(4648): message : 参见“std::basic_string<char,std::char_traits<char>,std::allocator<char>>”的声明
C:\Users\jinyu\Downloads\UDT\UDTLibary\udt.h(250,24): warning C4251: “CUDTException::m_strAPI”: class“std::basic_string<char,std::char_traits<char>,std::allocator<char>>”需要有 dll 接口由 class“CUDTException”的客户端使用
D:\Program Files (x86)\Microsoft Visual Studio\2019\Enterprise\VC\Tools\MSVC\14.28.29910\include\xstring(4648): message : 参见“std::basic_string<char,std::char_traits<char>,std::allocator<char>>”的声明
C:\Users\jinyu\Downloads\UDT\UDTLibary\udt.h(251,26): warning C4251: “CUDTException::m_strDebug”: class“std::basic_string<char,std::char_traits<char>,std::allocator<char>>”需要有 dll 接口由 class“CUDTException”的客户端使用
D:\Program Files (x86)\Microsoft Visual Studio\2019\Enterprise\VC\Tools\MSVC\14.28.29910\include\xstring(4648): message : 参见“std::basic_string<char,std::char_traits<char>,std::allocator<char>>”的声明
C:\Users\jinyu\Downloads\UDT\UDTLibary\UDTLibary.cpp(60,2): warning C4996: 'sprintf': This function or variable may be unsafe. Consider using sprintf_s instead. To disable deprecation, use _CRT_SECURE_NO_WARNINGS. See online help for details.
C:\Users\jinyu\Downloads\UDT\UDTLibary\UDTLibary.cpp(88,11): warning C4996: 'inet_ntoa': Use inet_ntop() or InetNtop() instead or define _WINSOCK_DEPRECATED_NO_WARNINGS to disable deprecated API warnings
C:\Users\jinyu\Downloads\UDT\UDTLibary\UDTLibary.cpp(101,12): warning C4996: 'inet_ntoa': Use inet_ntop() or InetNtop() instead or define _WINSOCK_DEPRECATED_NO_WARNINGS to disable deprecated API warnings
C:\Users\jinyu\Downloads\UDT\UDTLibary\UDTLibary.cpp(119,12): warning C4996: 'inet_ntoa': Use inet_ntop() or InetNtop() instead or define _WINSOCK_DEPRECATED_NO_WARNINGS to disable deprecated API warnings
C:\Users\jinyu\Downloads\UDT\UDTLibary\UDTLibary.cpp(141,2): warning C4996: 'sprintf': This function or variable may be unsafe. Consider using sprintf_s instead. To disable deprecation, use _CRT_SECURE_NO_WARNINGS. See online help for details.
C:\Users\jinyu\Downloads\UDT\UDTLibary\UDTLibary.cpp(308,30): warning C4100: “argv”: 未引用的形参
C:\Users\jinyu\Downloads\UDT\UDTLibary\UDTLibary.cpp(308,16): warning C4100: “argc”: 未引用的形参
  window.cpp
E:\study\udt4\src\udt.h(248,24): warning C4251: “CUDTException::m_strMsg”: class“std::basic_string<char,std::char_traits<char>,std::allocator<char>>”需要有 dll 接口由 class“CUDTException”的客户端使用
D:\Program Files (x86)\Microsoft Visual Studio\2019\Enterprise\VC\Tools\MSVC\14.28.29910\include\xstring(4648): message : 参见“std::basic_string<char,std::char_traits<char>,std::allocator<char>>”的声明
E:\study\udt4\src\udt.h(250,24): warning C4251: “CUDTException::m_strAPI”: class“std::basic_string<char,std::char_traits<char>,std::allocator<char>>”需要有 dll 接口由 class“CUDTException”的客户端使用
D:\Program Files (x86)\Microsoft Visual Studio\2019\Enterprise\VC\Tools\MSVC\14.28.29910\include\xstring(4648): message : 参见“std::basic_string<char,std::char_traits<char>,std::allocator<char>>”的声明
E:\study\udt4\src\udt.h(251,26): warning C4251: “CUDTException::m_strDebug”: class“std::basic_string<char,std::char_traits<char>,std::allocator<char>>”需要有 dll 接口由 class“CUDTException”的客户端使用
D:\Program Files (x86)\Microsoft Visual Studio\2019\Enterprise\VC\Tools\MSVC\14.28.29910\include\xstring(4648): message : 参见“std::basic_string<char,std::char_traits<char>,std::allocator<char>>”的声明
  queue.cpp
E:\study\udt4\src\udt.h(248,24): warning C4251: “CUDTException::m_strMsg”: class“std::basic_string<char,std::char_traits<char>,std::allocator<char>>”需要有 dll 接口由 class“CUDTException”的客户端使用
D:\Program Files (x86)\Microsoft Visual Studio\2019\Enterprise\VC\Tools\MSVC\14.28.29910\include\xstring(4648): message : 参见“std::basic_string<char,std::char_traits<char>,std::allocator<char>>”的声明
E:\study\udt4\src\udt.h(250,24): warning C4251: “CUDTException::m_strAPI”: class“std::basic_string<char,std::char_traits<char>,std::allocator<char>>”需要有 dll 接口由 class“CUDTException”的客户端使用
D:\Program Files (x86)\Microsoft Visual Studio\2019\Enterprise\VC\Tools\MSVC\14.28.29910\include\xstring(4648): message : 参见“std::basic_string<char,std::char_traits<char>,std::allocator<char>>”的声明
E:\study\udt4\src\udt.h(251,26): warning C4251: “CUDTException::m_strDebug”: class“std::basic_string<char,std::char_traits<char>,std::allocator<char>>”需要有 dll 接口由 class“CUDTException”的客户端使用
D:\Program Files (x86)\Microsoft Visual Studio\2019\Enterprise\VC\Tools\MSVC\14.28.29910\include\xstring(4648): message : 参见“std::basic_string<char,std::char_traits<char>,std::allocator<char>>”的声明
E:\study\udt4\src\queue.cpp(1071,20): warning C4456: “u”的声明隐藏了上一个本地声明
E:\study\udt4\src\queue.cpp(978,10): message : 参见“u”的声明
  packet.cpp
E:\study\udt4\src\udt.h(248,24): warning C4251: “CUDTException::m_strMsg”: class“std::basic_string<char,std::char_traits<char>,std::allocator<char>>”需要有 dll 接口由 class“CUDTException”的客户端使用
D:\Program Files (x86)\Microsoft Visual Studio\2019\Enterprise\VC\Tools\MSVC\14.28.29910\include\xstring(4648): message : 参见“std::basic_string<char,std::char_traits<char>,std::allocator<char>>”的声明
E:\study\udt4\src\udt.h(250,24): warning C4251: “CUDTException::m_strAPI”: class“std::basic_string<char,std::char_traits<char>,std::allocator<char>>”需要有 dll 接口由 class“CUDTException”的客户端使用
D:\Program Files (x86)\Microsoft Visual Studio\2019\Enterprise\VC\Tools\MSVC\14.28.29910\include\xstring(4648): message : 参见“std::basic_string<char,std::char_traits<char>,std::allocator<char>>”的声明
E:\study\udt4\src\udt.h(251,26): warning C4251: “CUDTException::m_strDebug”: class“std::basic_string<char,std::char_traits<char>,std::allocator<char>>”需要有 dll 接口由 class“CUDTException”的客户端使用
D:\Program Files (x86)\Microsoft Visual Studio\2019\Enterprise\VC\Tools\MSVC\14.28.29910\include\xstring(4648): message : 参见“std::basic_string<char,std::char_traits<char>,std::allocator<char>>”的声明
  md5.cpp
  list.cpp
E:\study\udt4\src\udt.h(248,24): warning C4251: “CUDTException::m_strMsg”: class“std::basic_string<char,std::char_traits<char>,std::allocator<char>>”需要有 dll 接口由 class“CUDTException”的客户端使用
D:\Program Files (x86)\Microsoft Visual Studio\2019\Enterprise\VC\Tools\MSVC\14.28.29910\include\xstring(4648): message : 参见“std::basic_string<char,std::char_traits<char>,std::allocator<char>>”的声明
E:\study\udt4\src\udt.h(250,24): warning C4251: “CUDTException::m_strAPI”: class“std::basic_string<char,std::char_traits<char>,std::allocator<char>>”需要有 dll 接口由 class“CUDTException”的客户端使用
D:\Program Files (x86)\Microsoft Visual Studio\2019\Enterprise\VC\Tools\MSVC\14.28.29910\include\xstring(4648): message : 参见“std::basic_string<char,std::char_traits<char>,std::allocator<char>>”的声明
E:\study\udt4\src\udt.h(251,26): warning C4251: “CUDTException::m_strDebug”: class“std::basic_string<char,std::char_traits<char>,std::allocator<char>>”需要有 dll 接口由 class“CUDTException”的客户端使用
D:\Program Files (x86)\Microsoft Visual Studio\2019\Enterprise\VC\Tools\MSVC\14.28.29910\include\xstring(4648): message : 参见“std::basic_string<char,std::char_traits<char>,std::allocator<char>>”的声明
  epoll.cpp
E:\study\udt4\src\udt.h(248,24): warning C4251: “CUDTException::m_strMsg”: class“std::basic_string<char,std::char_traits<char>,std::allocator<char>>”需要有 dll 接口由 class“CUDTException”的客户端使用
D:\Program Files (x86)\Microsoft Visual Studio\2019\Enterprise\VC\Tools\MSVC\14.28.29910\include\xstring(4648): message : 参见“std::basic_string<char,std::char_traits<char>,std::allocator<char>>”的声明
E:\study\udt4\src\udt.h(250,24): warning C4251: “CUDTException::m_strAPI”: class“std::basic_string<char,std::char_traits<char>,std::allocator<char>>”需要有 dll 接口由 class“CUDTException”的客户端使用
D:\Program Files (x86)\Microsoft Visual Studio\2019\Enterprise\VC\Tools\MSVC\14.28.29910\include\xstring(4648): message : 参见“std::basic_string<char,std::char_traits<char>,std::allocator<char>>”的声明
E:\study\udt4\src\udt.h(251,26): warning C4251: “CUDTException::m_strDebug”: class“std::basic_string<char,std::char_traits<char>,std::allocator<char>>”需要有 dll 接口由 class“CUDTException”的客户端使用
D:\Program Files (x86)\Microsoft Visual Studio\2019\Enterprise\VC\Tools\MSVC\14.28.29910\include\xstring(4648): message : 参见“std::basic_string<char,std::char_traits<char>,std::allocator<char>>”的声明
E:\study\udt4\src\epoll.cpp(110,69): warning C4100: “events”: 未引用的形参
E:\study\udt4\src\epoll.cpp(252,24): warning C4457: “readfds”的声明隐藏了函数参数
E:\study\udt4\src\epoll.cpp(181,49): message : 参见“readfds”的声明
E:\study\udt4\src\epoll.cpp(253,25): warning C4457: “writefds”的声明隐藏了函数参数
E:\study\udt4\src\epoll.cpp(181,74): message : 参见“writefds”的声明
  core.cpp
E:\study\udt4\src\udt.h(248,24): warning C4251: “CUDTException::m_strMsg”: class“std::basic_string<char,std::char_traits<char>,std::allocator<char>>”需要有 dll 接口由 class“CUDTException”的客户端使用
D:\Program Files (x86)\Microsoft Visual Studio\2019\Enterprise\VC\Tools\MSVC\14.28.29910\include\xstring(4648): message : 参见“std::basic_string<char,std::char_traits<char>,std::allocator<char>>”的声明
E:\study\udt4\src\udt.h(250,24): warning C4251: “CUDTException::m_strAPI”: class“std::basic_string<char,std::char_traits<char>,std::allocator<char>>”需要有 dll 接口由 class“CUDTException”的客户端使用
D:\Program Files (x86)\Microsoft Visual Studio\2019\Enterprise\VC\Tools\MSVC\14.28.29910\include\xstring(4648): message : 参见“std::basic_string<char,std::char_traits<char>,std::allocator<char>>”的声明
E:\study\udt4\src\udt.h(251,26): warning C4251: “CUDTException::m_strDebug”: class“std::basic_string<char,std::char_traits<char>,std::allocator<char>>”需要有 dll 接口由 class“CUDTException”的客户端使用
D:\Program Files (x86)\Microsoft Visual Studio\2019\Enterprise\VC\Tools\MSVC\14.28.29910\include\xstring(4648): message : 参见“std::basic_string<char,std::char_traits<char>,std::allocator<char>>”的声明
E:\study\udt4\src\core.cpp(773,1): warning C4297: “CUDT::connect”: 假定函数不引发异常，但确实发生了
E:\study\udt4\src\core.cpp(773,1): message : 在函数上指定了 __declspec(nothrow)、throw()、noexcept(true)或 noexcept
  common.cpp
E:\study\udt4\src\udt.h(248,24): warning C4251: “CUDTException::m_strMsg”: class“std::basic_string<char,std::char_traits<char>,std::allocator<char>>”需要有 dll 接口由 class“CUDTException”的客户端使用
D:\Program Files (x86)\Microsoft Visual Studio\2019\Enterprise\VC\Tools\MSVC\14.28.29910\include\xstring(4648): message : 参见“std::basic_string<char,std::char_traits<char>,std::allocator<char>>”的声明
E:\study\udt4\src\udt.h(250,24): warning C4251: “CUDTException::m_strAPI”: class“std::basic_string<char,std::char_traits<char>,std::allocator<char>>”需要有 dll 接口由 class“CUDTException”的客户端使用
D:\Program Files (x86)\Microsoft Visual Studio\2019\Enterprise\VC\Tools\MSVC\14.28.29910\include\xstring(4648): message : 参见“std::basic_string<char,std::char_traits<char>,std::allocator<char>>”的声明
E:\study\udt4\src\udt.h(251,26): warning C4251: “CUDTException::m_strDebug”: class“std::basic_string<char,std::char_traits<char>,std::allocator<char>>”需要有 dll 接口由 class“CUDTException”的客户端使用
D:\Program Files (x86)\Microsoft Visual Studio\2019\Enterprise\VC\Tools\MSVC\14.28.29910\include\xstring(4648): message : 参见“std::basic_string<char,std::char_traits<char>,std::allocator<char>>”的声明
  channel.cpp
E:\study\udt4\src\udt.h(248,24): warning C4251: “CUDTException::m_strMsg”: class“std::basic_string<char,std::char_traits<char>,std::allocator<char>>”需要有 dll 接口由 class“CUDTException”的客户端使用
D:\Program Files (x86)\Microsoft Visual Studio\2019\Enterprise\VC\Tools\MSVC\14.28.29910\include\xstring(4648): message : 参见“std::basic_string<char,std::char_traits<char>,std::allocator<char>>”的声明
E:\study\udt4\src\udt.h(250,24): warning C4251: “CUDTException::m_strAPI”: class“std::basic_string<char,std::char_traits<char>,std::allocator<char>>”需要有 dll 接口由 class“CUDTException”的客户端使用
D:\Program Files (x86)\Microsoft Visual Studio\2019\Enterprise\VC\Tools\MSVC\14.28.29910\include\xstring(4648): message : 参见“std::basic_string<char,std::char_traits<char>,std::allocator<char>>”的声明
E:\study\udt4\src\udt.h(251,26): warning C4251: “CUDTException::m_strDebug”: class“std::basic_string<char,std::char_traits<char>,std::allocator<char>>”需要有 dll 接口由 class“CUDTException”的客户端使用
D:\Program Files (x86)\Microsoft Visual Studio\2019\Enterprise\VC\Tools\MSVC\14.28.29910\include\xstring(4648): message : 参见“std::basic_string<char,std::char_traits<char>,std::allocator<char>>”的声明
  ccc.cpp
E:\study\udt4\src\udt.h(248,24): warning C4251: “CUDTException::m_strMsg”: class“std::basic_string<char,std::char_traits<char>,std::allocator<char>>”需要有 dll 接口由 class“CUDTException”的客户端使用
D:\Program Files (x86)\Microsoft Visual Studio\2019\Enterprise\VC\Tools\MSVC\14.28.29910\include\xstring(4648): message : 参见“std::basic_string<char,std::char_traits<char>,std::allocator<char>>”的声明
E:\study\udt4\src\udt.h(250,24): warning C4251: “CUDTException::m_strAPI”: class“std::basic_string<char,std::char_traits<char>,std::allocator<char>>”需要有 dll 接口由 class“CUDTException”的客户端使用
D:\Program Files (x86)\Microsoft Visual Studio\2019\Enterprise\VC\Tools\MSVC\14.28.29910\include\xstring(4648): message : 参见“std::basic_string<char,std::char_traits<char>,std::allocator<char>>”的声明
E:\study\udt4\src\udt.h(251,26): warning C4251: “CUDTException::m_strDebug”: class“std::basic_string<char,std::char_traits<char>,std::allocator<char>>”需要有 dll 接口由 class“CUDTException”的客户端使用
D:\Program Files (x86)\Microsoft Visual Studio\2019\Enterprise\VC\Tools\MSVC\14.28.29910\include\xstring(4648): message : 参见“std::basic_string<char,std::char_traits<char>,std::allocator<char>>”的声明
  cache.cpp
E:\study\udt4\src\udt.h(248,24): warning C4251: “CUDTException::m_strMsg”: class“std::basic_string<char,std::char_traits<char>,std::allocator<char>>”需要有 dll 接口由 class“CUDTException”的客户端使用
D:\Program Files (x86)\Microsoft Visual Studio\2019\Enterprise\VC\Tools\MSVC\14.28.29910\include\xstring(4648): message : 参见“std::basic_string<char,std::char_traits<char>,std::allocator<char>>”的声明
E:\study\udt4\src\udt.h(250,24): warning C4251: “CUDTException::m_strAPI”: class“std::basic_string<char,std::char_traits<char>,std::allocator<char>>”需要有 dll 接口由 class“CUDTException”的客户端使用
D:\Program Files (x86)\Microsoft Visual Studio\2019\Enterprise\VC\Tools\MSVC\14.28.29910\include\xstring(4648): message : 参见“std::basic_string<char,std::char_traits<char>,std::allocator<char>>”的声明
E:\study\udt4\src\udt.h(251,26): warning C4251: “CUDTException::m_strDebug”: class“std::basic_string<char,std::char_traits<char>,std::allocator<char>>”需要有 dll 接口由 class“CUDTException”的客户端使用
D:\Program Files (x86)\Microsoft Visual Studio\2019\Enterprise\VC\Tools\MSVC\14.28.29910\include\xstring(4648): message : 参见“std::basic_string<char,std::char_traits<char>,std::allocator<char>>”的声明
  buffer.cpp
E:\study\udt4\src\udt.h(248,24): warning C4251: “CUDTException::m_strMsg”: class“std::basic_string<char,std::char_traits<char>,std::allocator<char>>”需要有 dll 接口由 class“CUDTException”的客户端使用
D:\Program Files (x86)\Microsoft Visual Studio\2019\Enterprise\VC\Tools\MSVC\14.28.29910\include\xstring(4648): message : 参见“std::basic_string<char,std::char_traits<char>,std::allocator<char>>”的声明
E:\study\udt4\src\udt.h(250,24): warning C4251: “CUDTException::m_strAPI”: class“std::basic_string<char,std::char_traits<char>,std::allocator<char>>”需要有 dll 接口由 class“CUDTException”的客户端使用
D:\Program Files (x86)\Microsoft Visual Studio\2019\Enterprise\VC\Tools\MSVC\14.28.29910\include\xstring(4648): message : 参见“std::basic_string<char,std::char_traits<char>,std::allocator<char>>”的声明
E:\study\udt4\src\udt.h(251,26): warning C4251: “CUDTException::m_strDebug”: class“std::basic_string<char,std::char_traits<char>,std::allocator<char>>”需要有 dll 接口由 class“CUDTException”的客户端使用
D:\Program Files (x86)\Microsoft Visual Studio\2019\Enterprise\VC\Tools\MSVC\14.28.29910\include\xstring(4648): message : 参见“std::basic_string<char,std::char_traits<char>,std::allocator<char>>”的声明
E:\study\udt4\src\buffer.cpp(188,31): warning C4244: “=”: 从“std::streamsize”转换到“int”，可能丢失数据
  api.cpp
E:\study\udt4\src\udt.h(248,24): warning C4251: “CUDTException::m_strMsg”: class“std::basic_string<char,std::char_traits<char>,std::allocator<char>>”需要有 dll 接口由 class“CUDTException”的客户端使用
D:\Program Files (x86)\Microsoft Visual Studio\2019\Enterprise\VC\Tools\MSVC\14.28.29910\include\xstring(4648): message : 参见“std::basic_string<char,std::char_traits<char>,std::allocator<char>>”的声明
E:\study\udt4\src\udt.h(250,24): warning C4251: “CUDTException::m_strAPI”: class“std::basic_string<char,std::char_traits<char>,std::allocator<char>>”需要有 dll 接口由 class“CUDTException”的客户端使用
D:\Program Files (x86)\Microsoft Visual Studio\2019\Enterprise\VC\Tools\MSVC\14.28.29910\include\xstring(4648): message : 参见“std::basic_string<char,std::char_traits<char>,std::allocator<char>>”的声明
E:\study\udt4\src\udt.h(251,26): warning C4251: “CUDTException::m_strDebug”: class“std::basic_string<char,std::char_traits<char>,std::allocator<char>>”需要有 dll 接口由 class“CUDTException”的客户端使用
D:\Program Files (x86)\Microsoft Visual Studio\2019\Enterprise\VC\Tools\MSVC\14.28.29910\include\xstring(4648): message : 参见“std::basic_string<char,std::char_traits<char>,std::allocator<char>>”的声明
  正在生成代码...
api.obj : warning LNK4075: 忽略“/EDITANDCONTINUE”(由于“/SAFESEH”规范)
    正在创建库 ../src\udt.lib 和对象 ../src\udt.exp
  udt.vcxproj -> E:\study\udt4\src\udt.dll
